<?xml version="1.0" encoding="UTF-8"?>
<!-- Generated by org.testng.reporters.JUnitXMLReporter -->
<testsuite ignored="2" hostname="DESKTOP-3RRFUM9" failures="1" tests="3" name="Test" time="8.242" errors="0" timestamp="2022-06-16T12:30:29 IST">
  <testcase classname="test.OLoginTest" name="login" time="4.173"/>
  <testcase classname="test.OHomeTest" name="asser" time="1.37">
    <failure type="java.lang.AssertionError" message="expected [OrangeHRM] but found [mainwindow]">
      <![CDATA[java.lang.AssertionError: expected [OrangeHRM] but found [mainwindow]
at test.OHomeTest.asser(OHomeTest.java:18)
at java.base/java.util.ArrayList.forEach(ArrayList.java:1511)
... Removed 33 stack frames]]>
    </failure>
  </testcase> <!-- asser -->
  <testcase classname="test.OHomeTest" name="ologoutpage" time="2.322"/>
  <testcase classname="test.OMainBrowser" name="@BeforeSuite browser" time="0.0">
    <ignored/>
  </testcase> <!-- @BeforeSuite browser -->
  <testcase classname="test.OMainBrowser" name="@AfterSuite closewindow" time="0.0">
    <ignored/>
  </testcase> <!-- @AfterSuite closewindow -->
</testsuite> <!-- Test -->
